

> web@0.1.0 build /Users/thanakrit.junhom/Project/poc-turbo-repo/apps/web
> next build

   [1m[38;2;173;127;168m▲ Next.js 15.3.0[39m[22m

 [37m[1m [22m[39m Creating an optimized production build ...
 [32m[1m✓[22m[39m Compiled successfully in 0ms
[?25l [37m[1m [22m[39m Linting and checking validity of types  [36m.[39m[2K[1G [37m[1m [22m[39m Linting and checking validity of types  [36m..[39m[2K[1G [37m[1m [22m[39m Linting and checking validity of types  [36m...[39m[2K[1G [37m[1m [22m[39m Linting and checking validity of types  [36m.[39m[2K[1G [37m[1m [22m[39m Linting and checking validity of types  [36m..[39m[2K[1G [37m[1m [22m[39m Linting and checking validity of types  [36m...[39m(node:79067) [MODULE_TYPELESS_PACKAGE_JSON] Warning: Module type of file:///Users/thanakrit.junhom/Project/poc-turbo-repo/apps/web/eslint.config.js?mtime=1749641417017 is not specified and it doesn't parse as CommonJS.
Reparsing as ES module because module syntax was detected. This incurs a performance overhead.
To eliminate this warning, add "type": "module" to /Users/thanakrit.junhom/Project/poc-turbo-repo/apps/web/package.json.
(Use `node --trace-warnings ...` to show where the warning was created)
[2K[1G [37m[1m [22m[39m Linting and checking validity of types  [36m.[39m[2K[1G [37m[1m [22m[39m Linting and checking validity of types  [36m..[39m[2K[1G [37m[1m [22m[39m Linting and checking validity of types  [36m...[39m[2K[1G [37m[1m [22m[39m Linting and checking validity of types  [36m.[39m[2K[1G [37m[1m [22m[39m Linting and checking validity of types  [36m..[39m[2K[1G [37m[1m [22m[39m Linting and checking validity of types  [36m...[39m[2K[1G [37m[1m [22m[39m Linting and checking validity of types  [36m.[39m[2K[1G [37m[1m [22m[39m Linting and checking validity of types  [36m..[39m[2K[1G [37m[1m [22m[39m Linting and checking validity of types  [36m...[39m[2K[1G [37m[1m [22m[39m Linting and checking validity of types  [36m.[39m[2K[1G [37m[1m [22m[39m Linting and checking validity of types  [36m..[39m[2K[1G [37m[1m [22m[39m Linting and checking validity of types  [36m...[39m[2K[1G [37m[1m [22m[39m Linting and checking validity of types  [36m.[39m[2K[1G [37m[1m [22m[39m Linting and checking validity of types  [36m..[39m[2K[1G [37m[1m [22m[39m Linting and checking validity of types  [36m...[39m[2K[1G [37m[1m [22m[39m Linting and checking validity of types  [36m.[39m[2K[1G [37m[1m [22m[39m Linting and checking validity of types  [36m..[39m[2K[1G [37m[1m [22m[39m Linting and checking validity of types  [36m...[39m[2K[1G [37m[1m [22m[39m Linting and checking validity of types  [36m.[39m[2K[1G [37m[1m [22m[39m Linting and checking validity of types  [36m..[39m[2K[1G [37m[1m [22m[39m Linting and checking validity of types  [36m...[39m[2K[1G [37m[1m [22m[39m Linting and checking validity of types  [36m.[39m[2K[1G [37m[1m [22m[39m Linting and checking validity of types  [36m..[39m[2K[1G [37m[1m [22m[39m Linting and checking validity of types  [36m...[39m[2K[1G [37m[1m [22m[39m Linting and checking validity of types  [36m.[39m[2K[1G [37m[1m [22m[39m Linting and checking validity of types  [36m..[39m[2K[1G [37m[1m [22m[39m Linting and checking validity of types  [36m...[39m[2K[1G [37m[1m [22m[39m Linting and checking validity of types  [36m.[39m[2K[1G [37m[1m [22m[39m Linting and checking validity of types  [36m..[39m[2K[1G [37m[1m [22m[39m Linting and checking validity of types  [36m...[39m[2K[1G [37m[1m [22m[39m Linting and checking validity of types  [36m.[39m[2K[1G[?25h
./src/app/(authenticated)/layout.tsx
5:7  Warning: 'geistSans' is assigned a value but never used.  @typescript-eslint/no-unused-vars
10:7  Warning: 'geistMono' is assigned a value but never used.  @typescript-eslint/no-unused-vars
27:17  Warning: Do not use an `<a>` element to navigate to `/`. Use `<Link />` from `next/link` instead. See: https://nextjs.org/docs/messages/no-html-link-for-pages  @next/next/no-html-link-for-pages

./src/app/(root)/user/components/table.tsx
95:16  Warning: Prefer using the primitive `string` as a type name, rather than the upper-cased `String`.  @typescript-eslint/no-wrapper-object-types
96:15  Warning: Prefer using the primitive `string` as a type name, rather than the upper-cased `String`.  @typescript-eslint/no-wrapper-object-types
130:32  Warning: Unexpected any. Specify a different type.  @typescript-eslint/no-explicit-any

./src/app/(root)/user/components/user-form.tsx
3:10  Warning: 'gql' is defined but never used.  @typescript-eslint/no-unused-vars
13:36  Warning: 'onAddUser' is defined but never used.  @typescript-eslint/no-unused-vars
21:23  Warning: Unexpected any. Specify a different type.  @typescript-eslint/no-explicit-any

./src/app/(root)/user/page.tsx
9:20  Warning: 'saveUser' is defined but never used.  @typescript-eslint/no-unused-vars
14:23  Warning: 'id' is defined but never used.  @typescript-eslint/no-unused-vars

./src/component/UserAuth.tsx
7:29  Warning: Unexpected empty object pattern.  no-empty-pattern

./src/lib/graphql/generated.ts
18:18  Warning: Unexpected any. Specify a different type.  @typescript-eslint/no-explicit-any
18:31  Warning: Unexpected any. Specify a different type.  @typescript-eslint/no-explicit-any
131:142  Warning: Unexpected any. Specify a different type.  @typescript-eslint/no-explicit-any

./src/lib/store/reduxStore.ts
14:48  Warning: Unexpected any. Specify a different type.  @typescript-eslint/no-explicit-any

info  - Need to disable some ESLint rules? Learn more here: https://nextjs.org/docs/app/api-reference/config/eslint#disabling-rules
[?25l [36m.[39m [2K[1G[?25h    [32m[1m✓[22m[39m Linting and checking validity of types 
[?25l [37m[1m [22m[39m Collecting page data  [36m.[39m[2K[1G [37m[1m [22m[39m Collecting page data  [36m..[39m[2K[1G [37m[1m [22m[39m Collecting page data  [36m...[39m[2K[1G[?25h [37m[1m [22m[39m Collecting page data     [32m[1m✓[22m[39m Collecting page data 
[?25l [37m[1m [22m[39m Generating static pages (0/7)  [36m[    ][39m[2K[1G [37m[1m [22m[39m Generating static pages (0/7)  [36m[=   ][39m[2K[1G[?25h [32m[1m✓[22m[39m Generating static pages (7/7)
[?25l [37m[1m [22m[39m Finalizing page optimization  [36m.[39m[?25l [37m[1m [22m[39m Collecting build traces  [36m.[39m[2K[1G [37m[1m [22m[39m Finalizing page optimization  [36m..[39m[2K[1G [37m[1m [22m[39m Collecting build traces  [36m..[39m[2K[1G [37m[1m [22m[39m Finalizing page optimization  [36m...[39m[2K[1G [37m[1m [22m[39m Collecting build traces  [36m...[39m[2K[1G [37m[1m [22m[39m Finalizing page optimization  [36m.[39m[2K[1G [37m[1m [22m[39m Collecting build traces  [36m.[39m[2K[1G [37m[1m [22m[39m Finalizing page optimization  [36m..[39m[2K[1G [37m[1m [22m[39m Collecting build traces  [36m..[39m[2K[1G [37m[1m [22m[39m Finalizing page optimization  [36m...[39m[2K[1G [37m[1m [22m[39m Collecting build traces  [36m...[39m[2K[1G [37m[1m [22m[39m Finalizing page optimization  [36m.[39m[2K[1G [37m[1m [22m[39m Collecting build traces  [36m.[39m[2K[1G [37m[1m [22m[39m Finalizing page optimization  [36m..[39m[2K[1G [37m[1m [22m[39m Collecting build traces  [36m..[39m[2K[1G [37m[1m [22m[39m Finalizing page optimization  [36m...[39m[2K[1G [37m[1m [22m[39m Collecting build traces  [36m...[39m[2K[1G [37m[1m [22m[39m Finalizing page optimization  [36m.[39m[2K[1G [37m[1m [22m[39m Collecting build traces  [36m.[39m[2K[1G [37m[1m [22m[39m Finalizing page optimization  [36m..[39m[2K[1G [37m[1m [22m[39m Collecting build traces  [36m..[39m[2K[1G [37m[1m [22m[39m Finalizing page optimization  [36m...[39m[2K[1G [37m[1m [22m[39m Collecting build traces  [36m...[39m[2K[1G [37m[1m [22m[39m Finalizing page optimization  [36m.[39m[2K[1G [37m[1m [22m[39m Collecting build traces  [36m.[39m[2K[1G [37m[1m [22m[39m Finalizing page optimization  [36m..[39m[2K[1G [37m[1m [22m[39m Collecting build traces  [36m..[39m[2K[1G[?25h [37m[1m [22m[39m Collecting build traces     [32m[1m✓[22m[39m Collecting build traces 
[2K[1G[?25h [37m[1m [22m[39m Finalizing page optimization     [32m[1m✓[22m[39m Finalizing page optimization 

[4mRoute (app)[24m                                 [4mSize[24m  [4mFirst Load JS[24m  [4m[24m  [4m[24m
┌ ○ /                                      839 B         [37m[1m102 kB[22m[39m
├ ○ /_not-found                            977 B         [37m[1m102 kB[22m[39m
├ ○ /landing                               839 B         [37m[1m102 kB[22m[39m
└ ○ /user                                14.8 kB         [37m[1m135 kB[22m[39m
+ First Load JS shared by all             [37m[1m101 kB[22m[39m
  ├ chunks/613-8f584a589864710e.js       46.3 kB
  ├ chunks/7d4370f0-e2d0667001b56c91.js  53.2 kB
  └ other shared chunks (total)          1.91 kB


○  (Static)  prerendered as static content

[?25h
